<?xml version="1.0" encoding="UTF-8"?>
<testsuite xmlns:xsi="http://www.w3.org/2001/XMLSchema-instance" xsi:noNamespaceSchemaLocation="https://maven.apache.org/surefire/maven-surefire-plugin/xsd/surefire-test-report-3.0.xsd" version="3.0" name="com.server.manager.keycloak.KeycloakApplicationTests" time="4.795" tests="1" errors="0" skipped="0" failures="0">
  <properties>
[...]
</properties>
  <testcase name="contextLoads" classname="com.server.manager.keycloak.KeycloakApplicationTests" time="0.989">
    <system-out><![CDATA[18:54:33.716 [main] INFO org.springframework.test.context.support.AnnotationConfigContextLoaderUtils -- Could not detect default configuration classes for test class [com.server.manager.keycloak.KeycloakApplicationTests]: KeycloakApplicationTests does not declare any static, non-private, non-final, nested classes annotated with @Configuration.
18:54:33.903 [main] INFO org.springframework.boot.test.context.SpringBootTestContextBootstrapper -- Found @SpringBootConfiguration com.server.manager.keycloak.KeycloakApplication for test class com.server.manager.keycloak.KeycloakApplicationTests

  .   ____          _            __ _ _
 /\\ / ___'_ __ _ _(_)_ __  __ _ \ \ \ \
( ( )\___ | '_ | '_| | '_ \/ _` | \ \ \ \
 \\/  ___)| |_)| | | | | || (_| |  ) ) ) )
  '  |____| .__|_| |_|_| |_\__, | / / / /
 =========|_|==============|___/=/_/_/_/
 :: Spring Boot ::                (v3.2.0)

2023-12-10T18:54:34.587+01:00  INFO 17676 --- [           main] c.s.m.keycloak.KeycloakApplicationTests  : Starting KeycloakApplicationTests using Java 17.0.9 with PID 17676 (started by nikro in C:\Users\nikro\Desktop\School\Sem6 - software\Individueel\keycloakmanager\keycloak-manager)
2023-12-10T18:54:34.589+01:00  INFO 17676 --- [           main] c.s.m.keycloak.KeycloakApplicationTests  : No active profile set, falling back to 1 default profile: "default"
2023-12-10T18:54:37.218+01:00  INFO 17676 --- [           main] c.s.m.keycloak.KeycloakApplicationTests  : Started KeycloakApplicationTests in 3.027 seconds (process running for 4.482)
]]></system-out>
  </testcase>
</testsuite>